nohup: ignoring input

> cambio-backend@1.0.0 start:dev
> nest start --watch

[2J[3J[H[[90m6:16:41 AM[0m] Starting compilation in watch mode...

[96msrc/modules/admin/admin.controller.ts[0m:[93m69[0m:[93m8[0m - [91merror[0m[90m TS1146: [0mDeclaration expected.

[7m69[0m   async clearCache() {
[7m  [0m [91m       [0m

[96msrc/modules/admin/admin.controller.ts[0m:[93m69[0m:[93m22[0m - [91merror[0m[90m TS1005: [0m';' expected.

[7m69[0m   async clearCache() {
[7m  [0m [91m                     ~[0m

[96msrc/modules/admin/admin.controller.ts[0m:[93m74[0m:[93m8[0m - [91merror[0m[90m TS1146: [0mDeclaration expected.

[7m74[0m   async getCacheStats() {
[7m  [0m [91m       [0m

[96msrc/modules/admin/admin.controller.ts[0m:[93m74[0m:[93m25[0m - [91merror[0m[90m TS1005: [0m';' expected.

[7m74[0m   async getCacheStats() {
[7m  [0m [91m                        ~[0m

[96msrc/modules/admin/admin.controller.ts[0m:[93m77[0m:[93m1[0m - [91merror[0m[90m TS1128: [0mDeclaration or statement expected.

[7m77[0m }
[7m  [0m [91m~[0m

[96msrc/modules/admin/admin.controller.ts[0m:[93m79[0m:[93m8[0m - [91merror[0m[90m TS1146: [0mDeclaration expected.

[7m79[0m   async clearCache() {
[7m  [0m [91m       [0m

[96msrc/modules/admin/admin.controller.ts[0m:[93m79[0m:[93m22[0m - [91merror[0m[90m TS1005: [0m';' expected.

[7m79[0m   async clearCache() {
[7m  [0m [91m                     ~[0m

[96msrc/modules/admin/admin.controller.ts[0m:[93m84[0m:[93m8[0m - [91merror[0m[90m TS1146: [0mDeclaration expected.

[7m84[0m   async getCacheStats() {
[7m  [0m [91m       [0m

[96msrc/modules/admin/admin.controller.ts[0m:[93m84[0m:[93m25[0m - [91merror[0m[90m TS1005: [0m';' expected.

[7m84[0m   async getCacheStats() {
[7m  [0m [91m                        ~[0m

[96msrc/modules/admin/admin.controller.ts[0m:[93m87[0m:[93m1[0m - [91merror[0m[90m TS1128: [0mDeclaration or statement expected.

[7m87[0m }
[7m  [0m [91m~[0m

[96msrc/modules/admin/admin.controller.ts[0m:[93m89[0m:[93m8[0m - [91merror[0m[90m TS1146: [0mDeclaration expected.

[7m89[0m   async clearCache() {
[7m  [0m [91m       [0m

[96msrc/modules/admin/admin.controller.ts[0m:[93m89[0m:[93m22[0m - [91merror[0m[90m TS1005: [0m';' expected.

[7m89[0m   async clearCache() {
[7m  [0m [91m                     ~[0m

[96msrc/modules/admin/admin.controller.ts[0m:[93m94[0m:[93m8[0m - [91merror[0m[90m TS1146: [0mDeclaration expected.

[7m94[0m   async getCacheStats() {
[7m  [0m [91m       [0m

[96msrc/modules/admin/admin.controller.ts[0m:[93m94[0m:[93m25[0m - [91merror[0m[90m TS1005: [0m';' expected.

[7m94[0m   async getCacheStats() {
[7m  [0m [91m                        ~[0m

[96msrc/modules/admin/admin.controller.ts[0m:[93m97[0m:[93m1[0m - [91merror[0m[90m TS1128: [0mDeclaration or statement expected.

[7m97[0m }
[7m  [0m [91m~[0m

[96msrc/modules/admin/admin.service.ts[0m:[93m320[0m:[93m7[0m - [91merror[0m[90m TS1128: [0mDeclaration or statement expected.

[7m320[0m       },
[7m   [0m [91m      ~[0m

[96msrc/modules/admin/admin.service.ts[0m:[93m320[0m:[93m8[0m - [91merror[0m[90m TS1128: [0mDeclaration or statement expected.

[7m320[0m       },
[7m   [0m [91m       ~[0m

[96msrc/modules/admin/admin.service.ts[0m:[93m321[0m:[93m5[0m - [91merror[0m[90m TS1128: [0mDeclaration or statement expected.

[7m321[0m     };
[7m   [0m [91m    ~[0m

[96msrc/modules/admin/admin.service.ts[0m:[93m327[0m:[93m3[0m - [91merror[0m[90m TS1128: [0mDeclaration or statement expected.

[7m327[0m   }
[7m   [0m [91m  ~[0m

[96msrc/modules/admin/admin.service.ts[0m:[93m329[0m:[93m3[0m - [91merror[0m[90m TS1434: [0mUnexpected keyword or identifier.

[7m329[0m   async getAllOrders(page: number = 1, limit: number = 10) {
[7m   [0m [91m  ~~~~~[0m

[96msrc/modules/admin/admin.service.ts[0m:[93m329[0m:[93m26[0m - [91merror[0m[90m TS1005: [0m',' expected.

[7m329[0m   async getAllOrders(page: number = 1, limit: number = 10) {
[7m   [0m [91m                         ~[0m

[96msrc/modules/admin/admin.service.ts[0m:[93m329[0m:[93m45[0m - [91merror[0m[90m TS1005: [0m',' expected.

[7m329[0m   async getAllOrders(page: number = 1, limit: number = 10) {
[7m   [0m [91m                                            ~[0m

[96msrc/modules/admin/admin.service.ts[0m:[93m329[0m:[93m60[0m - [91merror[0m[90m TS1005: [0m';' expected.

[7m329[0m   async getAllOrders(page: number = 1, limit: number = 10) {
[7m   [0m [91m                                                           ~[0m

[96msrc/modules/admin/admin.service.ts[0m:[93m373[0m:[93m3[0m - [91merror[0m[90m TS1434: [0mUnexpected keyword or identifier.

[7m373[0m   async updateOrderStatus(orderId: number, status: string) {
[7m   [0m [91m  ~~~~~[0m

[96msrc/modules/admin/admin.service.ts[0m:[93m373[0m:[93m34[0m - [91merror[0m[90m TS1005: [0m',' expected.

[7m373[0m   async updateOrderStatus(orderId: number, status: string) {
[7m   [0m [91m                                 ~[0m

[96msrc/modules/admin/admin.service.ts[0m:[93m373[0m:[93m50[0m - [91merror[0m[90m TS1005: [0m',' expected.

[7m373[0m   async updateOrderStatus(orderId: number, status: string) {
[7m   [0m [91m                                                 ~[0m

[96msrc/modules/admin/admin.service.ts[0m:[93m373[0m:[93m60[0m - [91merror[0m[90m TS1005: [0m';' expected.

[7m373[0m   async updateOrderStatus(orderId: number, status: string) {
[7m   [0m [91m                                                           ~[0m

[96msrc/modules/admin/admin.service.ts[0m:[93m406[0m:[93m3[0m - [91merror[0m[90m TS1434: [0mUnexpected keyword or identifier.

[7m406[0m   async clearCache() {
[7m   [0m [91m  ~~~~~[0m

[96msrc/modules/admin/admin.service.ts[0m:[93m406[0m:[93m22[0m - [91merror[0m[90m TS1005: [0m';' expected.

[7m406[0m   async clearCache() {
[7m   [0m [91m                     ~[0m

[96msrc/modules/admin/admin.service.ts[0m:[93m416[0m:[93m3[0m - [91merror[0m[90m TS1434: [0mUnexpected keyword or identifier.

[7m416[0m   async getCacheStats() {
[7m   [0m [91m  ~~~~~[0m

[96msrc/modules/admin/admin.service.ts[0m:[93m416[0m:[93m25[0m - [91merror[0m[90m TS1005: [0m';' expected.

[7m416[0m   async getCacheStats() {
[7m   [0m [91m                        ~[0m

[96msrc/modules/admin/admin.service.ts[0m:[93m419[0m:[93m1[0m - [91merror[0m[90m TS1128: [0mDeclaration or statement expected.

[7m419[0m }
[7m   [0m [91m~[0m

[96msrc/modules/admin/admin.service.ts[0m:[93m420[0m:[93m7[0m - [91merror[0m[90m TS1128: [0mDeclaration or statement expected.

[7m420[0m       },
[7m   [0m [91m      ~[0m

[96msrc/modules/admin/admin.service.ts[0m:[93m420[0m:[93m8[0m - [91merror[0m[90m TS1128: [0mDeclaration or statement expected.

[7m420[0m       },
[7m   [0m [91m       ~[0m

[96msrc/modules/admin/admin.service.ts[0m:[93m421[0m:[93m5[0m - [91merror[0m[90m TS1128: [0mDeclaration or statement expected.

[7m421[0m     };
[7m   [0m [91m    ~[0m

[96msrc/modules/admin/admin.service.ts[0m:[93m427[0m:[93m3[0m - [91merror[0m[90m TS1128: [0mDeclaration or statement expected.

[7m427[0m   }
[7m   [0m [91m  ~[0m

[96msrc/modules/admin/admin.service.ts[0m:[93m429[0m:[93m3[0m - [91merror[0m[90m TS1434: [0mUnexpected keyword or identifier.

[7m429[0m   async getAllOrders(page: number = 1, limit: number = 10) {
[7m   [0m [91m  ~~~~~[0m

[96msrc/modules/admin/admin.service.ts[0m:[93m429[0m:[93m26[0m - [91merror[0m[90m TS1005: [0m',' expected.

[7m429[0m   async getAllOrders(page: number = 1, limit: number = 10) {
[7m   [0m [91m                         ~[0m

[96msrc/modules/admin/admin.service.ts[0m:[93m429[0m:[93m45[0m - [91merror[0m[90m TS1005: [0m',' expected.

[7m429[0m   async getAllOrders(page: number = 1, limit: number = 10) {
[7m   [0m [91m                                            ~[0m

[96msrc/modules/admin/admin.service.ts[0m:[93m429[0m:[93m60[0m - [91merror[0m[90m TS1005: [0m';' expected.

[7m429[0m   async getAllOrders(page: number = 1, limit: number = 10) {
[7m   [0m [91m                                                           ~[0m

[96msrc/modules/admin/admin.service.ts[0m:[93m473[0m:[93m3[0m - [91merror[0m[90m TS1434: [0mUnexpected keyword or identifier.

[7m473[0m   async updateOrderStatus(orderId: number, status: string) {
[7m   [0m [91m  ~~~~~[0m

[96msrc/modules/admin/admin.service.ts[0m:[93m473[0m:[93m34[0m - [91merror[0m[90m TS1005: [0m',' expected.

[7m473[0m   async updateOrderStatus(orderId: number, status: string) {
[7m   [0m [91m                                 ~[0m

[96msrc/modules/admin/admin.service.ts[0m:[93m473[0m:[93m50[0m - [91merror[0m[90m TS1005: [0m',' expected.

[7m473[0m   async updateOrderStatus(orderId: number, status: string) {
[7m   [0m [91m                                                 ~[0m

[96msrc/modules/admin/admin.service.ts[0m:[93m473[0m:[93m60[0m - [91merror[0m[90m TS1005: [0m';' expected.

[7m473[0m   async updateOrderStatus(orderId: number, status: string) {
[7m   [0m [91m                                                           ~[0m

[96msrc/modules/admin/admin.service.ts[0m:[93m506[0m:[93m3[0m - [91merror[0m[90m TS1434: [0mUnexpected keyword or identifier.

[7m506[0m   async clearCache() {
[7m   [0m [91m  ~~~~~[0m

[96msrc/modules/admin/admin.service.ts[0m:[93m506[0m:[93m22[0m - [91merror[0m[90m TS1005: [0m';' expected.

[7m506[0m   async clearCache() {
[7m   [0m [91m                     ~[0m

[96msrc/modules/admin/admin.service.ts[0m:[93m516[0m:[93m3[0m - [91merror[0m[90m TS1434: [0mUnexpected keyword or identifier.

[7m516[0m   async getCacheStats() {
[7m   [0m [91m  ~~~~~[0m

[96msrc/modules/admin/admin.service.ts[0m:[93m516[0m:[93m25[0m - [91merror[0m[90m TS1005: [0m';' expected.

[7m516[0m   async getCacheStats() {
[7m   [0m [91m                        ~[0m

[96msrc/modules/admin/admin.service.ts[0m:[93m519[0m:[93m1[0m - [91merror[0m[90m TS1128: [0mDeclaration or statement expected.

[7m519[0m }
[7m   [0m [91m~[0m

[96msrc/modules/admin/admin.service.ts[0m:[93m520[0m:[93m7[0m - [91merror[0m[90m TS1128: [0mDeclaration or statement expected.

[7m520[0m       },
[7m   [0m [91m      ~[0m

[96msrc/modules/admin/admin.service.ts[0m:[93m520[0m:[93m8[0m - [91merror[0m[90m TS1128: [0mDeclaration or statement expected.

[7m520[0m       },
[7m   [0m [91m       ~[0m

[96msrc/modules/admin/admin.service.ts[0m:[93m521[0m:[93m5[0m - [91merror[0m[90m TS1128: [0mDeclaration or statement expected.

[7m521[0m     };
[7m   [0m [91m    ~[0m

[96msrc/modules/admin/admin.service.ts[0m:[93m527[0m:[93m3[0m - [91merror[0m[90m TS1128: [0mDeclaration or statement expected.

[7m527[0m   }
[7m   [0m [91m  ~[0m

[96msrc/modules/admin/admin.service.ts[0m:[93m529[0m:[93m3[0m - [91merror[0m[90m TS1434: [0mUnexpected keyword or identifier.

[7m529[0m   async getAllOrders(page: number = 1, limit: number = 10) {
[7m   [0m [91m  ~~~~~[0m

[96msrc/modules/admin/admin.service.ts[0m:[93m529[0m:[93m26[0m - [91merror[0m[90m TS1005: [0m',' expected.

[7m529[0m   async getAllOrders(page: number = 1, limit: number = 10) {
[7m   [0m [91m                         ~[0m

[96msrc/modules/admin/admin.service.ts[0m:[93m529[0m:[93m45[0m - [91merror[0m[90m TS1005: [0m',' expected.

[7m529[0m   async getAllOrders(page: number = 1, limit: number = 10) {
[7m   [0m [91m                                            ~[0m

[96msrc/modules/admin/admin.service.ts[0m:[93m529[0m:[93m60[0m - [91merror[0m[90m TS1005: [0m';' expected.

[7m529[0m   async getAllOrders(page: number = 1, limit: number = 10) {
[7m   [0m [91m                                                           ~[0m

[96msrc/modules/admin/admin.service.ts[0m:[93m573[0m:[93m3[0m - [91merror[0m[90m TS1434: [0mUnexpected keyword or identifier.

[7m573[0m   async updateOrderStatus(orderId: number, status: string) {
[7m   [0m [91m  ~~~~~[0m

[96msrc/modules/admin/admin.service.ts[0m:[93m573[0m:[93m34[0m - [91merror[0m[90m TS1005: [0m',' expected.

[7m573[0m   async updateOrderStatus(orderId: number, status: string) {
[7m   [0m [91m                                 ~[0m

[96msrc/modules/admin/admin.service.ts[0m:[93m573[0m:[93m50[0m - [91merror[0m[90m TS1005: [0m',' expected.

[7m573[0m   async updateOrderStatus(orderId: number, status: string) {
[7m   [0m [91m                                                 ~[0m

[96msrc/modules/admin/admin.service.ts[0m:[93m573[0m:[93m60[0m - [91merror[0m[90m TS1005: [0m';' expected.

[7m573[0m   async updateOrderStatus(orderId: number, status: string) {
[7m   [0m [91m                                                           ~[0m

[96msrc/modules/admin/admin.service.ts[0m:[93m606[0m:[93m3[0m - [91merror[0m[90m TS1434: [0mUnexpected keyword or identifier.

[7m606[0m   async clearCache() {
[7m   [0m [91m  ~~~~~[0m

[96msrc/modules/admin/admin.service.ts[0m:[93m606[0m:[93m22[0m - [91merror[0m[90m TS1005: [0m';' expected.

[7m606[0m   async clearCache() {
[7m   [0m [91m                     ~[0m

[96msrc/modules/admin/admin.service.ts[0m:[93m616[0m:[93m3[0m - [91merror[0m[90m TS1434: [0mUnexpected keyword or identifier.

[7m616[0m   async getCacheStats() {
[7m   [0m [91m  ~~~~~[0m

[96msrc/modules/admin/admin.service.ts[0m:[93m616[0m:[93m25[0m - [91merror[0m[90m TS1005: [0m';' expected.

[7m616[0m   async getCacheStats() {
[7m   [0m [91m                        ~[0m

[96msrc/modules/admin/admin.service.ts[0m:[93m619[0m:[93m1[0m - [91merror[0m[90m TS1128: [0mDeclaration or statement expected.

[7m619[0m }
[7m   [0m [91m~[0m

[96msrc/modules/auth/auth.module.ts[0m:[93m15[0m:[93m12[0m - [91merror[0m[90m TS1005: [0m';' expected.

[7m15[0m   providers: [AuthService],
[7m  [0m [91m           ~[0m

[96msrc/modules/auth/auth.module.ts[0m:[93m16[0m:[93m10[0m - [91merror[0m[90m TS1005: [0m';' expected.

[7m16[0m   exports: [AuthService],
[7m  [0m [91m         ~[0m

[96msrc/modules/auth/auth.module.ts[0m:[93m17[0m:[93m1[0m - [91merror[0m[90m TS1109: [0mExpression expected.

[7m17[0m })
[7m  [0m [91m~[0m

[96msrc/modules/auth/auth.module.ts[0m:[93m17[0m:[93m2[0m - [91merror[0m[90m TS1128: [0mDeclaration or statement expected.

[7m17[0m })
[7m  [0m [91m ~[0m

[96msrc/modules/auth/auth.module.ts[0m:[93m20[0m:[93m12[0m - [91merror[0m[90m TS1005: [0m';' expected.

[7m20[0m   providers: [AuthService],
[7m  [0m [91m           ~[0m

[96msrc/modules/auth/auth.module.ts[0m:[93m21[0m:[93m10[0m - [91merror[0m[90m TS1005: [0m';' expected.

[7m21[0m   exports: [AuthService],
[7m  [0m [91m         ~[0m

[96msrc/modules/auth/auth.module.ts[0m:[93m22[0m:[93m1[0m - [91merror[0m[90m TS1109: [0mExpression expected.

[7m22[0m })
[7m  [0m [91m~[0m

[96msrc/modules/auth/auth.module.ts[0m:[93m22[0m:[93m2[0m - [91merror[0m[90m TS1128: [0mDeclaration or statement expected.

[7m22[0m })
[7m  [0m [91m ~[0m

[96msrc/modules/auth/auth.module.ts[0m:[93m25[0m:[93m12[0m - [91merror[0m[90m TS1005: [0m';' expected.

[7m25[0m   providers: [AuthService],
[7m  [0m [91m           ~[0m

[96msrc/modules/auth/auth.module.ts[0m:[93m26[0m:[93m10[0m - [91merror[0m[90m TS1005: [0m';' expected.

[7m26[0m   exports: [AuthService],
[7m  [0m [91m         ~[0m

[96msrc/modules/auth/auth.module.ts[0m:[93m27[0m:[93m1[0m - [91merror[0m[90m TS1109: [0mExpression expected.

[7m27[0m })
[7m  [0m [91m~[0m

[96msrc/modules/auth/auth.module.ts[0m:[93m27[0m:[93m2[0m - [91merror[0m[90m TS1128: [0mDeclaration or statement expected.

[7m27[0m })
[7m  [0m [91m ~[0m

[96msrc/modules/rates/rates.service.ts[0m:[93m68[0m:[93m3[0m - [91merror[0m[90m TS1128: [0mDeclaration or statement expected.

[7m68[0m   }
[7m  [0m [91m  ~[0m

[96msrc/modules/rates/rates.service.ts[0m:[93m69[0m:[93m1[0m - [91merror[0m[90m TS1128: [0mDeclaration or statement expected.

[7m69[0m }
[7m  [0m [91m~[0m

[96msrc/modules/rates/rates.service.ts[0m:[93m71[0m:[93m3[0m - [91merror[0m[90m TS1128: [0mDeclaration or statement expected.

[7m71[0m   }
[7m  [0m [91m  ~[0m

[96msrc/modules/rates/rates.service.ts[0m:[93m72[0m:[93m1[0m - [91merror[0m[90m TS1128: [0mDeclaration or statement expected.

[7m72[0m }
[7m  [0m [91m~[0m

[96msrc/modules/rates/rates.service.ts[0m:[93m74[0m:[93m3[0m - [91merror[0m[90m TS1128: [0mDeclaration or statement expected.

[7m74[0m   }
[7m  [0m [91m  ~[0m

[96msrc/modules/rates/rates.service.ts[0m:[93m75[0m:[93m1[0m - [91merror[0m[90m TS1128: [0mDeclaration or statement expected.

[7m75[0m }
[7m  [0m [91m~[0m

[[90m6:16:45 AM[0m] Found 84 errors. Watching for file changes.

[2J[3J[H[[90m6:31:35 AM[0m] File change detected. Starting incremental compilation...

[96msrc/modules/admin/admin.controller.ts[0m:[93m69[0m:[93m8[0m - [91merror[0m[90m TS1146: [0mDeclaration expected.

[7m69[0m   async clearCache() {
[7m  [0m [91m       [0m

[96msrc/modules/admin/admin.controller.ts[0m:[93m69[0m:[93m22[0m - [91merror[0m[90m TS1005: [0m';' expected.

[7m69[0m   async clearCache() {
[7m  [0m [91m                     ~[0m

[96msrc/modules/admin/admin.controller.ts[0m:[93m74[0m:[93m8[0m - [91merror[0m[90m TS1146: [0mDeclaration expected.

[7m74[0m   async getCacheStats() {
[7m  [0m [91m       [0m

[96msrc/modules/admin/admin.controller.ts[0m:[93m74[0m:[93m25[0m - [91merror[0m[90m TS1005: [0m';' expected.

[7m74[0m   async getCacheStats() {
[7m  [0m [91m                        ~[0m

[96msrc/modules/admin/admin.controller.ts[0m:[93m77[0m:[93m1[0m - [91merror[0m[90m TS1128: [0mDeclaration or statement expected.

[7m77[0m }
[7m  [0m [91m~[0m

[96msrc/modules/admin/admin.controller.ts[0m:[93m79[0m:[93m8[0m - [91merror[0m[90m TS1146: [0mDeclaration expected.

[7m79[0m   async clearCache() {
[7m  [0m [91m       [0m

[96msrc/modules/admin/admin.controller.ts[0m:[93m79[0m:[93m22[0m - [91merror[0m[90m TS1005: [0m';' expected.

[7m79[0m   async clearCache() {
[7m  [0m [91m                     ~[0m

[96msrc/modules/admin/admin.controller.ts[0m:[93m84[0m:[93m8[0m - [91merror[0m[90m TS1146: [0mDeclaration expected.

[7m84[0m   async getCacheStats() {
[7m  [0m [91m       [0m

[96msrc/modules/admin/admin.controller.ts[0m:[93m84[0m:[93m25[0m - [91merror[0m[90m TS1005: [0m';' expected.

[7m84[0m   async getCacheStats() {
[7m  [0m [91m                        ~[0m

[96msrc/modules/admin/admin.controller.ts[0m:[93m87[0m:[93m1[0m - [91merror[0m[90m TS1128: [0mDeclaration or statement expected.

[7m87[0m }
[7m  [0m [91m~[0m

[96msrc/modules/admin/admin.controller.ts[0m:[93m89[0m:[93m8[0m - [91merror[0m[90m TS1146: [0mDeclaration expected.

[7m89[0m   async clearCache() {
[7m  [0m [91m       [0m

[96msrc/modules/admin/admin.controller.ts[0m:[93m89[0m:[93m22[0m - [91merror[0m[90m TS1005: [0m';' expected.

[7m89[0m   async clearCache() {
[7m  [0m [91m                     ~[0m

[96msrc/modules/admin/admin.controller.ts[0m:[93m94[0m:[93m8[0m - [91merror[0m[90m TS1146: [0mDeclaration expected.

[7m94[0m   async getCacheStats() {
[7m  [0m [91m       [0m

[96msrc/modules/admin/admin.controller.ts[0m:[93m94[0m:[93m25[0m - [91merror[0m[90m TS1005: [0m';' expected.

[7m94[0m   async getCacheStats() {
[7m  [0m [91m                        ~[0m

[96msrc/modules/admin/admin.controller.ts[0m:[93m97[0m:[93m1[0m - [91merror[0m[90m TS1128: [0mDeclaration or statement expected.

[7m97[0m }
[7m  [0m [91m~[0m

[96msrc/modules/admin/admin.service.ts[0m:[93m320[0m:[93m7[0m - [91merror[0m[90m TS1128: [0mDeclaration or statement expected.

[7m320[0m       },
[7m   [0m [91m      ~[0m

[96msrc/modules/admin/admin.service.ts[0m:[93m320[0m:[93m8[0m - [91merror[0m[90m TS1128: [0mDeclaration or statement expected.

[7m320[0m       },
[7m   [0m [91m       ~[0m

[96msrc/modules/admin/admin.service.ts[0m:[93m321[0m:[93m5[0m - [91merror[0m[90m TS1128: [0mDeclaration or statement expected.

[7m321[0m     };
[7m   [0m [91m    ~[0m

[96msrc/modules/admin/admin.service.ts[0m:[93m327[0m:[93m3[0m - [91merror[0m[90m TS1128: [0mDeclaration or statement expected.

[7m327[0m   }
[7m   [0m [91m  ~[0m

[96msrc/modules/admin/admin.service.ts[0m:[93m329[0m:[93m3[0m - [91merror[0m[90m TS1434: [0mUnexpected keyword or identifier.

[7m329[0m   async getAllOrders(page: number = 1, limit: number = 10) {
[7m   [0m [91m  ~~~~~[0m

[96msrc/modules/admin/admin.service.ts[0m:[93m329[0m:[93m26[0m - [91merror[0m[90m TS1005: [0m',' expected.

[7m329[0m   async getAllOrders(page: number = 1, limit: number = 10) {
[7m   [0m [91m                         ~[0m

[96msrc/modules/admin/admin.service.ts[0m:[93m329[0m:[93m45[0m - [91merror[0m[90m TS1005: [0m',' expected.

[7m329[0m   async getAllOrders(page: number = 1, limit: number = 10) {
[7m   [0m [91m                                            ~[0m

[96msrc/modules/admin/admin.service.ts[0m:[93m329[0m:[93m60[0m - [91merror[0m[90m TS1005: [0m';' expected.

[7m329[0m   async getAllOrders(page: number = 1, limit: number = 10) {
[7m   [0m [91m                                                           ~[0m

[96msrc/modules/admin/admin.service.ts[0m:[93m373[0m:[93m3[0m - [91merror[0m[90m TS1434: [0mUnexpected keyword or identifier.

[7m373[0m   async updateOrderStatus(orderId: number, status: string) {
[7m   [0m [91m  ~~~~~[0m

[96msrc/modules/admin/admin.service.ts[0m:[93m373[0m:[93m34[0m - [91merror[0m[90m TS1005: [0m',' expected.

[7m373[0m   async updateOrderStatus(orderId: number, status: string) {
[7m   [0m [91m                                 ~[0m

[96msrc/modules/admin/admin.service.ts[0m:[93m373[0m:[93m50[0m - [91merror[0m[90m TS1005: [0m',' expected.

[7m373[0m   async updateOrderStatus(orderId: number, status: string) {
[7m   [0m [91m                                                 ~[0m

[96msrc/modules/admin/admin.service.ts[0m:[93m373[0m:[93m60[0m - [91merror[0m[90m TS1005: [0m';' expected.

[7m373[0m   async updateOrderStatus(orderId: number, status: string) {
[7m   [0m [91m                                                           ~[0m

[96msrc/modules/admin/admin.service.ts[0m:[93m406[0m:[93m3[0m - [91merror[0m[90m TS1434: [0mUnexpected keyword or identifier.

[7m406[0m   async clearCache() {
[7m   [0m [91m  ~~~~~[0m

[96msrc/modules/admin/admin.service.ts[0m:[93m406[0m:[93m22[0m - [91merror[0m[90m TS1005: [0m';' expected.

[7m406[0m   async clearCache() {
[7m   [0m [91m                     ~[0m

[96msrc/modules/admin/admin.service.ts[0m:[93m416[0m:[93m3[0m - [91merror[0m[90m TS1434: [0mUnexpected keyword or identifier.

[7m416[0m   async getCacheStats() {
[7m   [0m [91m  ~~~~~[0m

[96msrc/modules/admin/admin.service.ts[0m:[93m416[0m:[93m25[0m - [91merror[0m[90m TS1005: [0m';' expected.

[7m416[0m   async getCacheStats() {
[7m   [0m [91m                        ~[0m

[96msrc/modules/admin/admin.service.ts[0m:[93m419[0m:[93m1[0m - [91merror[0m[90m TS1128: [0mDeclaration or statement expected.

[7m419[0m }
[7m   [0m [91m~[0m

[96msrc/modules/admin/admin.service.ts[0m:[93m420[0m:[93m7[0m - [91merror[0m[90m TS1128: [0mDeclaration or statement expected.

[7m420[0m       },
[7m   [0m [91m      ~[0m

[96msrc/modules/admin/admin.service.ts[0m:[93m420[0m:[93m8[0m - [91merror[0m[90m TS1128: [0mDeclaration or statement expected.

[7m420[0m       },
[7m   [0m [91m       ~[0m

[96msrc/modules/admin/admin.service.ts[0m:[93m421[0m:[93m5[0m - [91merror[0m[90m TS1128: [0mDeclaration or statement expected.

[7m421[0m     };
[7m   [0m [91m    ~[0m

[96msrc/modules/admin/admin.service.ts[0m:[93m427[0m:[93m3[0m - [91merror[0m[90m TS1128: [0mDeclaration or statement expected.

[7m427[0m   }
[7m   [0m [91m  ~[0m

[96msrc/modules/admin/admin.service.ts[0m:[93m429[0m:[93m3[0m - [91merror[0m[90m TS1434: [0mUnexpected keyword or identifier.

[7m429[0m   async getAllOrders(page: number = 1, limit: number = 10) {
[7m   [0m [91m  ~~~~~[0m

[96msrc/modules/admin/admin.service.ts[0m:[93m429[0m:[93m26[0m - [91merror[0m[90m TS1005: [0m',' expected.

[7m429[0m   async getAllOrders(page: number = 1, limit: number = 10) {
[7m   [0m [91m                         ~[0m

[96msrc/modules/admin/admin.service.ts[0m:[93m429[0m:[93m45[0m - [91merror[0m[90m TS1005: [0m',' expected.

[7m429[0m   async getAllOrders(page: number = 1, limit: number = 10) {
[7m   [0m [91m                                            ~[0m

[96msrc/modules/admin/admin.service.ts[0m:[93m429[0m:[93m60[0m - [91merror[0m[90m TS1005: [0m';' expected.

[7m429[0m   async getAllOrders(page: number = 1, limit: number = 10) {
[7m   [0m [91m                                                           ~[0m

[96msrc/modules/admin/admin.service.ts[0m:[93m473[0m:[93m3[0m - [91merror[0m[90m TS1434: [0mUnexpected keyword or identifier.

[7m473[0m   async updateOrderStatus(orderId: number, status: string) {
[7m   [0m [91m  ~~~~~[0m

[96msrc/modules/admin/admin.service.ts[0m:[93m473[0m:[93m34[0m - [91merror[0m[90m TS1005: [0m',' expected.

[7m473[0m   async updateOrderStatus(orderId: number, status: string) {
[7m   [0m [91m                                 ~[0m

[96msrc/modules/admin/admin.service.ts[0m:[93m473[0m:[93m50[0m - [91merror[0m[90m TS1005: [0m',' expected.

[7m473[0m   async updateOrderStatus(orderId: number, status: string) {
[7m   [0m [91m                                                 ~[0m

[96msrc/modules/admin/admin.service.ts[0m:[93m473[0m:[93m60[0m - [91merror[0m[90m TS1005: [0m';' expected.

[7m473[0m   async updateOrderStatus(orderId: number, status: string) {
[7m   [0m [91m                                                           ~[0m

[96msrc/modules/admin/admin.service.ts[0m:[93m506[0m:[93m3[0m - [91merror[0m[90m TS1434: [0mUnexpected keyword or identifier.

[7m506[0m   async clearCache() {
[7m   [0m [91m  ~~~~~[0m

[96msrc/modules/admin/admin.service.ts[0m:[93m506[0m:[93m22[0m - [91merror[0m[90m TS1005: [0m';' expected.

[7m506[0m   async clearCache() {
[7m   [0m [91m                     ~[0m

[96msrc/modules/admin/admin.service.ts[0m:[93m516[0m:[93m3[0m - [91merror[0m[90m TS1434: [0mUnexpected keyword or identifier.

[7m516[0m   async getCacheStats() {
[7m   [0m [91m  ~~~~~[0m

[96msrc/modules/admin/admin.service.ts[0m:[93m516[0m:[93m25[0m - [91merror[0m[90m TS1005: [0m';' expected.

[7m516[0m   async getCacheStats() {
[7m   [0m [91m                        ~[0m

[96msrc/modules/admin/admin.service.ts[0m:[93m519[0m:[93m1[0m - [91merror[0m[90m TS1128: [0mDeclaration or statement expected.

[7m519[0m }
[7m   [0m [91m~[0m

[96msrc/modules/admin/admin.service.ts[0m:[93m520[0m:[93m7[0m - [91merror[0m[90m TS1128: [0mDeclaration or statement expected.

[7m520[0m       },
[7m   [0m [91m      ~[0m

[96msrc/modules/admin/admin.service.ts[0m:[93m520[0m:[93m8[0m - [91merror[0m[90m TS1128: [0mDeclaration or statement expected.

[7m520[0m       },
[7m   [0m [91m       ~[0m

[96msrc/modules/admin/admin.service.ts[0m:[93m521[0m:[93m5[0m - [91merror[0m[90m TS1128: [0mDeclaration or statement expected.

[7m521[0m     };
[7m   [0m [91m    ~[0m

[96msrc/modules/admin/admin.service.ts[0m:[93m527[0m:[93m3[0m - [91merror[0m[90m TS1128: [0mDeclaration or statement expected.

[7m527[0m   }
[7m   [0m [91m  ~[0m

[96msrc/modules/admin/admin.service.ts[0m:[93m529[0m:[93m3[0m - [91merror[0m[90m TS1434: [0mUnexpected keyword or identifier.

[7m529[0m   async getAllOrders(page: number = 1, limit: number = 10) {
[7m   [0m [91m  ~~~~~[0m

[96msrc/modules/admin/admin.service.ts[0m:[93m529[0m:[93m26[0m - [91merror[0m[90m TS1005: [0m',' expected.

[7m529[0m   async getAllOrders(page: number = 1, limit: number = 10) {
[7m   [0m [91m                         ~[0m

[96msrc/modules/admin/admin.service.ts[0m:[93m529[0m:[93m45[0m - [91merror[0m[90m TS1005: [0m',' expected.

[7m529[0m   async getAllOrders(page: number = 1, limit: number = 10) {
[7m   [0m [91m                                            ~[0m

[96msrc/modules/admin/admin.service.ts[0m:[93m529[0m:[93m60[0m - [91merror[0m[90m TS1005: [0m';' expected.

[7m529[0m   async getAllOrders(page: number = 1, limit: number = 10) {
[7m   [0m [91m                                                           ~[0m

[96msrc/modules/admin/admin.service.ts[0m:[93m573[0m:[93m3[0m - [91merror[0m[90m TS1434: [0mUnexpected keyword or identifier.

[7m573[0m   async updateOrderStatus(orderId: number, status: string) {
[7m   [0m [91m  ~~~~~[0m

[96msrc/modules/admin/admin.service.ts[0m:[93m573[0m:[93m34[0m - [91merror[0m[90m TS1005: [0m',' expected.

[7m573[0m   async updateOrderStatus(orderId: number, status: string) {
[7m   [0m [91m                                 ~[0m

[96msrc/modules/admin/admin.service.ts[0m:[93m573[0m:[93m50[0m - [91merror[0m[90m TS1005: [0m',' expected.

[7m573[0m   async updateOrderStatus(orderId: number, status: string) {
[7m   [0m [91m                                                 ~[0m

[96msrc/modules/admin/admin.service.ts[0m:[93m573[0m:[93m60[0m - [91merror[0m[90m TS1005: [0m';' expected.

[7m573[0m   async updateOrderStatus(orderId: number, status: string) {
[7m   [0m [91m                                                           ~[0m

[96msrc/modules/admin/admin.service.ts[0m:[93m606[0m:[93m3[0m - [91merror[0m[90m TS1434: [0mUnexpected keyword or identifier.

[7m606[0m   async clearCache() {
[7m   [0m [91m  ~~~~~[0m

[96msrc/modules/admin/admin.service.ts[0m:[93m606[0m:[93m22[0m - [91merror[0m[90m TS1005: [0m';' expected.

[7m606[0m   async clearCache() {
[7m   [0m [91m                     ~[0m

[96msrc/modules/admin/admin.service.ts[0m:[93m616[0m:[93m3[0m - [91merror[0m[90m TS1434: [0mUnexpected keyword or identifier.

[7m616[0m   async getCacheStats() {
[7m   [0m [91m  ~~~~~[0m

[96msrc/modules/admin/admin.service.ts[0m:[93m616[0m:[93m25[0m - [91merror[0m[90m TS1005: [0m';' expected.

[7m616[0m   async getCacheStats() {
[7m   [0m [91m                        ~[0m

[96msrc/modules/admin/admin.service.ts[0m:[93m619[0m:[93m1[0m - [91merror[0m[90m TS1128: [0mDeclaration or statement expected.

[7m619[0m }
[7m   [0m [91m~[0m

[96msrc/modules/rates/rates.service.ts[0m:[93m68[0m:[93m3[0m - [91merror[0m[90m TS1128: [0mDeclaration or statement expected.

[7m68[0m   }
[7m  [0m [91m  ~[0m

[96msrc/modules/rates/rates.service.ts[0m:[93m69[0m:[93m1[0m - [91merror[0m[90m TS1128: [0mDeclaration or statement expected.

[7m69[0m }
[7m  [0m [91m~[0m

[96msrc/modules/rates/rates.service.ts[0m:[93m71[0m:[93m3[0m - [91merror[0m[90m TS1128: [0mDeclaration or statement expected.

[7m71[0m   }
[7m  [0m [91m  ~[0m

[96msrc/modules/rates/rates.service.ts[0m:[93m72[0m:[93m1[0m - [91merror[0m[90m TS1128: [0mDeclaration or statement expected.

[7m72[0m }
[7m  [0m [91m~[0m

[96msrc/modules/rates/rates.service.ts[0m:[93m74[0m:[93m3[0m - [91merror[0m[90m TS1128: [0mDeclaration or statement expected.

[7m74[0m   }
[7m  [0m [91m  ~[0m

[96msrc/modules/rates/rates.service.ts[0m:[93m75[0m:[93m1[0m - [91merror[0m[90m TS1128: [0mDeclaration or statement expected.

[7m75[0m }
[7m  [0m [91m~[0m

[[90m6:31:36 AM[0m] Found 72 errors. Watching for file changes.

[2J[3J[H[[90m6:35:32 AM[0m] File change detected. Starting incremental compilation...

[96msrc/modules/admin/admin.controller.ts[0m:[93m69[0m:[93m8[0m - [91merror[0m[90m TS1146: [0mDeclaration expected.

[7m69[0m   async clearCache() {
[7m  [0m [91m       [0m

[96msrc/modules/admin/admin.controller.ts[0m:[93m69[0m:[93m22[0m - [91merror[0m[90m TS1005: [0m';' expected.

[7m69[0m   async clearCache() {
[7m  [0m [91m                     ~[0m

[96msrc/modules/admin/admin.controller.ts[0m:[93m74[0m:[93m8[0m - [91merror[0m[90m TS1146: [0mDeclaration expected.

[7m74[0m   async getCacheStats() {
[7m  [0m [91m       [0m

[96msrc/modules/admin/admin.controller.ts[0m:[93m74[0m:[93m25[0m - [91merror[0m[90m TS1005: [0m';' expected.

[7m74[0m   async getCacheStats() {
[7m  [0m [91m                        ~[0m

[96msrc/modules/admin/admin.controller.ts[0m:[93m77[0m:[93m1[0m - [91merror[0m[90m TS1128: [0mDeclaration or statement expected.

[7m77[0m }
[7m  [0m [91m~[0m

[96msrc/modules/admin/admin.controller.ts[0m:[93m79[0m:[93m8[0m - [91merror[0m[90m TS1146: [0mDeclaration expected.

[7m79[0m   async clearCache() {
[7m  [0m [91m       [0m

[96msrc/modules/admin/admin.controller.ts[0m:[93m79[0m:[93m22[0m - [91merror[0m[90m TS1005: [0m';' expected.

[7m79[0m   async clearCache() {
[7m  [0m [91m                     ~[0m

[96msrc/modules/admin/admin.controller.ts[0m:[93m84[0m:[93m8[0m - [91merror[0m[90m TS1146: [0mDeclaration expected.

[7m84[0m   async getCacheStats() {
[7m  [0m [91m       [0m

[96msrc/modules/admin/admin.controller.ts[0m:[93m84[0m:[93m25[0m - [91merror[0m[90m TS1005: [0m';' expected.

[7m84[0m   async getCacheStats() {
[7m  [0m [91m                        ~[0m

[96msrc/modules/admin/admin.controller.ts[0m:[93m87[0m:[93m1[0m - [91merror[0m[90m TS1128: [0mDeclaration or statement expected.

[7m87[0m }
[7m  [0m [91m~[0m

[96msrc/modules/admin/admin.controller.ts[0m:[93m89[0m:[93m8[0m - [91merror[0m[90m TS1146: [0mDeclaration expected.

[7m89[0m   async clearCache() {
[7m  [0m [91m       [0m

[96msrc/modules/admin/admin.controller.ts[0m:[93m89[0m:[93m22[0m - [91merror[0m[90m TS1005: [0m';' expected.

[7m89[0m   async clearCache() {
[7m  [0m [91m                     ~[0m

[96msrc/modules/admin/admin.controller.ts[0m:[93m94[0m:[93m8[0m - [91merror[0m[90m TS1146: [0mDeclaration expected.

[7m94[0m   async getCacheStats() {
[7m  [0m [91m       [0m

[96msrc/modules/admin/admin.controller.ts[0m:[93m94[0m:[93m25[0m - [91merror[0m[90m TS1005: [0m';' expected.

[7m94[0m   async getCacheStats() {
[7m  [0m [91m                        ~[0m

[96msrc/modules/admin/admin.controller.ts[0m:[93m97[0m:[93m1[0m - [91merror[0m[90m TS1128: [0mDeclaration or statement expected.

[7m97[0m }
[7m  [0m [91m~[0m

[96msrc/modules/admin/admin.service.ts[0m:[93m320[0m:[93m7[0m - [91merror[0m[90m TS1128: [0mDeclaration or statement expected.

[7m320[0m       },
[7m   [0m [91m      ~[0m

[96msrc/modules/admin/admin.service.ts[0m:[93m320[0m:[93m8[0m - [91merror[0m[90m TS1128: [0mDeclaration or statement expected.

[7m320[0m       },
[7m   [0m [91m       ~[0m

[96msrc/modules/admin/admin.service.ts[0m:[93m321[0m:[93m5[0m - [91merror[0m[90m TS1128: [0mDeclaration or statement expected.

[7m321[0m     };
[7m   [0m [91m    ~[0m

[96msrc/modules/admin/admin.service.ts[0m:[93m327[0m:[93m3[0m - [91merror[0m[90m TS1128: [0mDeclaration or statement expected.

[7m327[0m   }
[7m   [0m [91m  ~[0m

[96msrc/modules/admin/admin.service.ts[0m:[93m329[0m:[93m3[0m - [91merror[0m[90m TS1434: [0mUnexpected keyword or identifier.

[7m329[0m   async getAllOrders(page: number = 1, limit: number = 10) {
[7m   [0m [91m  ~~~~~[0m

[96msrc/modules/admin/admin.service.ts[0m:[93m329[0m:[93m26[0m - [91merror[0m[90m TS1005: [0m',' expected.

[7m329[0m   async getAllOrders(page: number = 1, limit: number = 10) {
[7m   [0m [91m                         ~[0m

[96msrc/modules/admin/admin.service.ts[0m:[93m329[0m:[93m45[0m - [91merror[0m[90m TS1005: [0m',' expected.

[7m329[0m   async getAllOrders(page: number = 1, limit: number = 10) {
[7m   [0m [91m                                            ~[0m

[96msrc/modules/admin/admin.service.ts[0m:[93m329[0m:[93m60[0m - [91merror[0m[90m TS1005: [0m';' expected.

[7m329[0m   async getAllOrders(page: number = 1, limit: number = 10) {
[7m   [0m [91m                                                           ~[0m

[96msrc/modules/admin/admin.service.ts[0m:[93m373[0m:[93m3[0m - [91merror[0m[90m TS1434: [0mUnexpected keyword or identifier.

[7m373[0m   async updateOrderStatus(orderId: number, status: string) {
[7m   [0m [91m  ~~~~~[0m

[96msrc/modules/admin/admin.service.ts[0m:[93m373[0m:[93m34[0m - [91merror[0m[90m TS1005: [0m',' expected.

[7m373[0m   async updateOrderStatus(orderId: number, status: string) {
[7m   [0m [91m                                 ~[0m

[96msrc/modules/admin/admin.service.ts[0m:[93m373[0m:[93m50[0m - [91merror[0m[90m TS1005: [0m',' expected.

[7m373[0m   async updateOrderStatus(orderId: number, status: string) {
[7m   [0m [91m                                                 ~[0m

[96msrc/modules/admin/admin.service.ts[0m:[93m373[0m:[93m60[0m - [91merror[0m[90m TS1005: [0m';' expected.

[7m373[0m   async updateOrderStatus(orderId: number, status: string) {
[7m   [0m [91m                                                           ~[0m

[96msrc/modules/admin/admin.service.ts[0m:[93m406[0m:[93m3[0m - [91merror[0m[90m TS1434: [0mUnexpected keyword or identifier.

[7m406[0m   async clearCache() {
[7m   [0m [91m  ~~~~~[0m

[96msrc/modules/admin/admin.service.ts[0m:[93m406[0m:[93m22[0m - [91merror[0m[90m TS1005: [0m';' expected.

[7m406[0m   async clearCache() {
[7m   [0m [91m                     ~[0m

[96msrc/modules/admin/admin.service.ts[0m:[93m416[0m:[93m3[0m - [91merror[0m[90m TS1434: [0mUnexpected keyword or identifier.

[7m416[0m   async getCacheStats() {
[7m   [0m [91m  ~~~~~[0m

[96msrc/modules/admin/admin.service.ts[0m:[93m416[0m:[93m25[0m - [91merror[0m[90m TS1005: [0m';' expected.

[7m416[0m   async getCacheStats() {
[7m   [0m [91m                        ~[0m

[96msrc/modules/admin/admin.service.ts[0m:[93m419[0m:[93m1[0m - [91merror[0m[90m TS1128: [0mDeclaration or statement expected.

[7m419[0m }
[7m   [0m [91m~[0m

[96msrc/modules/admin/admin.service.ts[0m:[93m420[0m:[93m7[0m - [91merror[0m[90m TS1128: [0mDeclaration or statement expected.

[7m420[0m       },
[7m   [0m [91m      ~[0m

[96msrc/modules/admin/admin.service.ts[0m:[93m420[0m:[93m8[0m - [91merror[0m[90m TS1128: [0mDeclaration or statement expected.

[7m420[0m       },
[7m   [0m [91m       ~[0m

[96msrc/modules/admin/admin.service.ts[0m:[93m421[0m:[93m5[0m - [91merror[0m[90m TS1128: [0mDeclaration or statement expected.

[7m421[0m     };
[7m   [0m [91m    ~[0m

[96msrc/modules/admin/admin.service.ts[0m:[93m427[0m:[93m3[0m - [91merror[0m[90m TS1128: [0mDeclaration or statement expected.

[7m427[0m   }
[7m   [0m [91m  ~[0m

[96msrc/modules/admin/admin.service.ts[0m:[93m429[0m:[93m3[0m - [91merror[0m[90m TS1434: [0mUnexpected keyword or identifier.

[7m429[0m   async getAllOrders(page: number = 1, limit: number = 10) {
[7m   [0m [91m  ~~~~~[0m

[96msrc/modules/admin/admin.service.ts[0m:[93m429[0m:[93m26[0m - [91merror[0m[90m TS1005: [0m',' expected.

[7m429[0m   async getAllOrders(page: number = 1, limit: number = 10) {
[7m   [0m [91m                         ~[0m

[96msrc/modules/admin/admin.service.ts[0m:[93m429[0m:[93m45[0m - [91merror[0m[90m TS1005: [0m',' expected.

[7m429[0m   async getAllOrders(page: number = 1, limit: number = 10) {
[7m   [0m [91m                                            ~[0m

[96msrc/modules/admin/admin.service.ts[0m:[93m429[0m:[93m60[0m - [91merror[0m[90m TS1005: [0m';' expected.

[7m429[0m   async getAllOrders(page: number = 1, limit: number = 10) {
[7m   [0m [91m                                                           ~[0m

[96msrc/modules/admin/admin.service.ts[0m:[93m473[0m:[93m3[0m - [91merror[0m[90m TS1434: [0mUnexpected keyword or identifier.

[7m473[0m   async updateOrderStatus(orderId: number, status: string) {
[7m   [0m [91m  ~~~~~[0m

[96msrc/modules/admin/admin.service.ts[0m:[93m473[0m:[93m34[0m - [91merror[0m[90m TS1005: [0m',' expected.

[7m473[0m   async updateOrderStatus(orderId: number, status: string) {
[7m   [0m [91m                                 ~[0m

[96msrc/modules/admin/admin.service.ts[0m:[93m473[0m:[93m50[0m - [91merror[0m[90m TS1005: [0m',' expected.

[7m473[0m   async updateOrderStatus(orderId: number, status: string) {
[7m   [0m [91m                                                 ~[0m

[96msrc/modules/admin/admin.service.ts[0m:[93m473[0m:[93m60[0m - [91merror[0m[90m TS1005: [0m';' expected.

[7m473[0m   async updateOrderStatus(orderId: number, status: string) {
[7m   [0m [91m                                                           ~[0m

[96msrc/modules/admin/admin.service.ts[0m:[93m506[0m:[93m3[0m - [91merror[0m[90m TS1434: [0mUnexpected keyword or identifier.

[7m506[0m   async clearCache() {
[7m   [0m [91m  ~~~~~[0m

[96msrc/modules/admin/admin.service.ts[0m:[93m506[0m:[93m22[0m - [91merror[0m[90m TS1005: [0m';' expected.

[7m506[0m   async clearCache() {
[7m   [0m [91m                     ~[0m

[96msrc/modules/admin/admin.service.ts[0m:[93m516[0m:[93m3[0m - [91merror[0m[90m TS1434: [0mUnexpected keyword or identifier.

[7m516[0m   async getCacheStats() {
[7m   [0m [91m  ~~~~~[0m

[96msrc/modules/admin/admin.service.ts[0m:[93m516[0m:[93m25[0m - [91merror[0m[90m TS1005: [0m';' expected.

[7m516[0m   async getCacheStats() {
[7m   [0m [91m                        ~[0m

[96msrc/modules/admin/admin.service.ts[0m:[93m519[0m:[93m1[0m - [91merror[0m[90m TS1128: [0mDeclaration or statement expected.

[7m519[0m }
[7m   [0m [91m~[0m

[96msrc/modules/admin/admin.service.ts[0m:[93m520[0m:[93m7[0m - [91merror[0m[90m TS1128: [0mDeclaration or statement expected.

[7m520[0m       },
[7m   [0m [91m      ~[0m

[96msrc/modules/admin/admin.service.ts[0m:[93m520[0m:[93m8[0m - [91merror[0m[90m TS1128: [0mDeclaration or statement expected.

[7m520[0m       },
[7m   [0m [91m       ~[0m

[96msrc/modules/admin/admin.service.ts[0m:[93m521[0m:[93m5[0m - [91merror[0m[90m TS1128: [0mDeclaration or statement expected.

[7m521[0m     };
[7m   [0m [91m    ~[0m

[96msrc/modules/admin/admin.service.ts[0m:[93m527[0m:[93m3[0m - [91merror[0m[90m TS1128: [0mDeclaration or statement expected.

[7m527[0m   }
[7m   [0m [91m  ~[0m

[96msrc/modules/admin/admin.service.ts[0m:[93m529[0m:[93m3[0m - [91merror[0m[90m TS1434: [0mUnexpected keyword or identifier.

[7m529[0m   async getAllOrders(page: number = 1, limit: number = 10) {
[7m   [0m [91m  ~~~~~[0m

[96msrc/modules/admin/admin.service.ts[0m:[93m529[0m:[93m26[0m - [91merror[0m[90m TS1005: [0m',' expected.

[7m529[0m   async getAllOrders(page: number = 1, limit: number = 10) {
[7m   [0m [91m                         ~[0m

[96msrc/modules/admin/admin.service.ts[0m:[93m529[0m:[93m45[0m - [91merror[0m[90m TS1005: [0m',' expected.

[7m529[0m   async getAllOrders(page: number = 1, limit: number = 10) {
[7m   [0m [91m                                            ~[0m

[96msrc/modules/admin/admin.service.ts[0m:[93m529[0m:[93m60[0m - [91merror[0m[90m TS1005: [0m';' expected.

[7m529[0m   async getAllOrders(page: number = 1, limit: number = 10) {
[7m   [0m [91m                                                           ~[0m

[96msrc/modules/admin/admin.service.ts[0m:[93m573[0m:[93m3[0m - [91merror[0m[90m TS1434: [0mUnexpected keyword or identifier.

[7m573[0m   async updateOrderStatus(orderId: number, status: string) {
[7m   [0m [91m  ~~~~~[0m

[96msrc/modules/admin/admin.service.ts[0m:[93m573[0m:[93m34[0m - [91merror[0m[90m TS1005: [0m',' expected.

[7m573[0m   async updateOrderStatus(orderId: number, status: string) {
[7m   [0m [91m                                 ~[0m

[96msrc/modules/admin/admin.service.ts[0m:[93m573[0m:[93m50[0m - [91merror[0m[90m TS1005: [0m',' expected.

[7m573[0m   async updateOrderStatus(orderId: number, status: string) {
[7m   [0m [91m                                                 ~[0m

[96msrc/modules/admin/admin.service.ts[0m:[93m573[0m:[93m60[0m - [91merror[0m[90m TS1005: [0m';' expected.

[7m573[0m   async updateOrderStatus(orderId: number, status: string) {
[7m   [0m [91m                                                           ~[0m

[96msrc/modules/admin/admin.service.ts[0m:[93m606[0m:[93m3[0m - [91merror[0m[90m TS1434: [0mUnexpected keyword or identifier.

[7m606[0m   async clearCache() {
[7m   [0m [91m  ~~~~~[0m

[96msrc/modules/admin/admin.service.ts[0m:[93m606[0m:[93m22[0m - [91merror[0m[90m TS1005: [0m';' expected.

[7m606[0m   async clearCache() {
[7m   [0m [91m                     ~[0m

[96msrc/modules/admin/admin.service.ts[0m:[93m616[0m:[93m3[0m - [91merror[0m[90m TS1434: [0mUnexpected keyword or identifier.

[7m616[0m   async getCacheStats() {
[7m   [0m [91m  ~~~~~[0m

[96msrc/modules/admin/admin.service.ts[0m:[93m616[0m:[93m25[0m - [91merror[0m[90m TS1005: [0m';' expected.

[7m616[0m   async getCacheStats() {
[7m   [0m [91m                        ~[0m

[96msrc/modules/admin/admin.service.ts[0m:[93m619[0m:[93m1[0m - [91merror[0m[90m TS1128: [0mDeclaration or statement expected.

[7m619[0m }
[7m   [0m [91m~[0m

[96msrc/modules/rates/rates.service.ts[0m:[93m68[0m:[93m3[0m - [91merror[0m[90m TS1128: [0mDeclaration or statement expected.

[7m68[0m   }
[7m  [0m [91m  ~[0m

[96msrc/modules/rates/rates.service.ts[0m:[93m69[0m:[93m1[0m - [91merror[0m[90m TS1128: [0mDeclaration or statement expected.

[7m69[0m }
[7m  [0m [91m~[0m

[96msrc/modules/rates/rates.service.ts[0m:[93m71[0m:[93m3[0m - [91merror[0m[90m TS1128: [0mDeclaration or statement expected.

[7m71[0m   }
[7m  [0m [91m  ~[0m

[96msrc/modules/rates/rates.service.ts[0m:[93m72[0m:[93m1[0m - [91merror[0m[90m TS1128: [0mDeclaration or statement expected.

[7m72[0m }
[7m  [0m [91m~[0m

[96msrc/modules/rates/rates.service.ts[0m:[93m74[0m:[93m3[0m - [91merror[0m[90m TS1128: [0mDeclaration or statement expected.

[7m74[0m   }
[7m  [0m [91m  ~[0m

[96msrc/modules/rates/rates.service.ts[0m:[93m75[0m:[93m1[0m - [91merror[0m[90m TS1128: [0mDeclaration or statement expected.

[7m75[0m }
[7m  [0m [91m~[0m

[[90m6:35:32 AM[0m] Found 72 errors. Watching for file changes.

